<?xml version="1.0" encoding="UTF-8"?>
<!-- Generated by org.testng.reporters.JUnitReportReporter -->
<testsuite hostname="DESKTOP-PAHOHTD" failures="0" tests="1" name="com.qa.testBase.TestBase" time="17.275" errors="0" timestamp="2022-08-17T23:34:13 IST" skipped="0">
  <testcase classname="com.qa.testBase.TestBase" name="setUp" time="17.275"/>
  <system-out/>
</testsuite> <!-- com.qa.testBase.TestBase -->
