<?xml version="1.0" encoding="UTF-8"?>
<!-- Generated by org.testng.reporters.JUnitReportReporter -->
<testsuite hostname="DESKTOP-PAHOHTD" failures="0" tests="1" name="com.qa.testLayer.StockBuyTest" time="35.578" errors="0" timestamp="2022-08-19T19:37:47 IST" skipped="0">
  <testcase classname="com.qa.testLayer.StockBuyTest" name="verifyStockBuyTest" time="35.578"/>
  <system-out/>
</testsuite> <!-- com.qa.testLayer.StockBuyTest -->
