<?xml version="1.0" encoding="UTF-8"?>
<!-- Generated by org.testng.reporters.JUnitReportReporter -->
<testsuite hostname="DESKTOP-PAHOHTD" failures="0" tests="1" name="com.qa.testLayer.LoginPageTest" time="14.936" errors="0" timestamp="2022-08-18T14:34:54 IST" skipped="0">
  <testcase classname="com.qa.testLayer.LoginPageTest" name="verifyLoginTest" time="14.936"/>
  <system-out/>
</testsuite> <!-- com.qa.testLayer.LoginPageTest -->
